2016-07-16 19:13:17,429 - INFO - Start in main
2016-07-16 19:13:17,429 - INFO - merging list
2016-07-16 19:13:17,429 - INFO - l_list ['90', '88', '21', '73', '17', '38', '78', '77', '91', '88', '45', '82', '79', '97', '53', '18', '93', '22', '73', '62', '9', '11', '65', '100', '35']
2016-07-16 19:13:17,429 - INFO - r_list ['97', '93', '69', '43', '87', '36', '61', '44', '47', '8', '57', '7', '12', '23', '91', '56', '69', '79', '80', '68', '92', '71', '8', '14', '41']
2016-07-16 19:13:17,429 - INFO - merging list
2016-07-16 19:13:17,429 - INFO - l_list ['90', '88', '21', '73', '17', '38', '78', '77', '91', '88', '45', '82']
2016-07-16 19:13:17,429 - INFO - r_list ['79', '97', '53', '18', '93', '22', '73', '62', '9', '11', '65', '100', '35']
2016-07-16 19:13:17,430 - INFO - merging list
2016-07-16 19:13:17,430 - INFO - l_list ['90', '88', '21', '73', '17', '38']
2016-07-16 19:13:17,430 - INFO - r_list ['78', '77', '91', '88', '45', '82']
2016-07-16 19:13:17,430 - INFO - merging list
2016-07-16 19:13:17,430 - INFO - l_list ['90', '88', '21']
2016-07-16 19:13:17,430 - INFO - r_list ['73', '17', '38']
2016-07-16 19:13:17,430 - INFO - merging list
2016-07-16 19:13:17,430 - INFO - l_list ['90']
2016-07-16 19:13:17,430 - INFO - r_list ['88', '21']
2016-07-16 19:13:17,430 - INFO - merging list
2016-07-16 19:13:17,430 - INFO - l_list []
2016-07-16 19:13:17,430 - INFO - r_list ['90']
2016-07-16 19:13:17,430 - INFO - merging list
2016-07-16 19:13:17,430 - INFO - l_list ['88']
2016-07-16 19:13:17,430 - INFO - r_list ['21']
2016-07-16 19:13:17,430 - INFO - merging list
2016-07-16 19:13:17,430 - INFO - l_list []
2016-07-16 19:13:17,430 - INFO - r_list ['88']
2016-07-16 19:13:17,430 - INFO - merging list
2016-07-16 19:13:17,430 - INFO - l_list []
2016-07-16 19:13:17,430 - INFO - r_list ['21']
